ARM GAS  C:\Users\ROG\AppData\Local\Temp\cc6RQZDb.s 			page 1


   1              		.syntax unified
   2              		.cpu cortex-m3
   3              		.fpu softvfp
   4              		.eabi_attribute 20, 1
   5              		.eabi_attribute 21, 1
   6              		.eabi_attribute 23, 3
   7              		.eabi_attribute 24, 1
   8              		.eabi_attribute 25, 1
   9              		.eabi_attribute 26, 1
  10              		.eabi_attribute 30, 1
  11              		.eabi_attribute 34, 1
  12              		.eabi_attribute 18, 4
  13              		.thumb
  14              		.syntax unified
  15              		.file	"main.c"
  16              		.text
  17              	.Ltext0:
  18              		.cfi_sections	.debug_frame
  19              		.section	.text.SystemClock_Config,"ax",%progbits
  20              		.align	2
  21              		.global	SystemClock_Config
  22              		.thumb
  23              		.thumb_func
  25              	SystemClock_Config:
  26              	.LFB66:
  27              		.file 1 "Core/Src/main.c"
   1:Core/Src/main.c **** /* USER CODE BEGIN Header */
   2:Core/Src/main.c **** /**
   3:Core/Src/main.c ****   ******************************************************************************
   4:Core/Src/main.c ****   * @file           : main.c
   5:Core/Src/main.c ****   * @brief          : Main program body
   6:Core/Src/main.c ****   ******************************************************************************
   7:Core/Src/main.c ****   * @attention
   8:Core/Src/main.c ****   *
   9:Core/Src/main.c ****   * <h2><center>&copy; Copyright (c) 2020 STMicroelectronics.
  10:Core/Src/main.c ****   * All rights reserved.</center></h2>
  11:Core/Src/main.c ****   *
  12:Core/Src/main.c ****   * This software component is licensed by ST under BSD 3-Clause license,
  13:Core/Src/main.c ****   * the "License"; You may not use this file except in compliance with the
  14:Core/Src/main.c ****   * License. You may obtain a copy of the License at:
  15:Core/Src/main.c ****   *                        opensource.org/licenses/BSD-3-Clause
  16:Core/Src/main.c ****   *
  17:Core/Src/main.c ****   ******************************************************************************
  18:Core/Src/main.c ****   */
  19:Core/Src/main.c **** /* USER CODE END Header */
  20:Core/Src/main.c **** /* Includes ------------------------------------------------------------------*/
  21:Core/Src/main.c **** #include "main.h"
  22:Core/Src/main.c **** 
  23:Core/Src/main.c **** /* Private includes ----------------------------------------------------------*/
  24:Core/Src/main.c **** /* USER CODE BEGIN Includes */
  25:Core/Src/main.c **** 
  26:Core/Src/main.c **** /* USER CODE END Includes */
  27:Core/Src/main.c **** 
  28:Core/Src/main.c **** /* Private typedef -----------------------------------------------------------*/
  29:Core/Src/main.c **** /* USER CODE BEGIN PTD */
  30:Core/Src/main.c **** 
  31:Core/Src/main.c **** /* USER CODE END PTD */
ARM GAS  C:\Users\ROG\AppData\Local\Temp\cc6RQZDb.s 			page 2


  32:Core/Src/main.c **** 
  33:Core/Src/main.c **** /* Private define ------------------------------------------------------------*/
  34:Core/Src/main.c **** /* USER CODE BEGIN PD */
  35:Core/Src/main.c **** /* USER CODE END PD */
  36:Core/Src/main.c **** 
  37:Core/Src/main.c **** /* Private macro -------------------------------------------------------------*/
  38:Core/Src/main.c **** /* USER CODE BEGIN PM */
  39:Core/Src/main.c **** 
  40:Core/Src/main.c **** /* USER CODE END PM */
  41:Core/Src/main.c **** 
  42:Core/Src/main.c **** /* Private variables ---------------------------------------------------------*/
  43:Core/Src/main.c **** 
  44:Core/Src/main.c **** /* USER CODE BEGIN PV */
  45:Core/Src/main.c **** 
  46:Core/Src/main.c **** /* USER CODE END PV */
  47:Core/Src/main.c **** 
  48:Core/Src/main.c **** /* Private function prototypes -----------------------------------------------*/
  49:Core/Src/main.c **** void SystemClock_Config(void);
  50:Core/Src/main.c **** /* USER CODE BEGIN PFP */
  51:Core/Src/main.c **** 
  52:Core/Src/main.c **** /* USER CODE END PFP */
  53:Core/Src/main.c **** 
  54:Core/Src/main.c **** /* Private user code ---------------------------------------------------------*/
  55:Core/Src/main.c **** /* USER CODE BEGIN 0 */
  56:Core/Src/main.c **** 
  57:Core/Src/main.c **** /* USER CODE END 0 */
  58:Core/Src/main.c **** 
  59:Core/Src/main.c **** /**
  60:Core/Src/main.c ****   * @brief  The application entry point.
  61:Core/Src/main.c ****   * @retval int
  62:Core/Src/main.c ****   */
  63:Core/Src/main.c **** int main(void)
  64:Core/Src/main.c **** {
  65:Core/Src/main.c ****   /* USER CODE BEGIN 1 */
  66:Core/Src/main.c **** 
  67:Core/Src/main.c ****   /* USER CODE END 1 */
  68:Core/Src/main.c **** 
  69:Core/Src/main.c ****   /* MCU Configuration--------------------------------------------------------*/
  70:Core/Src/main.c **** 
  71:Core/Src/main.c ****   /* Reset of all peripherals, Initializes the Flash interface and the Systick. */
  72:Core/Src/main.c ****   HAL_Init();
  73:Core/Src/main.c **** 
  74:Core/Src/main.c ****   /* USER CODE BEGIN Init */
  75:Core/Src/main.c **** 
  76:Core/Src/main.c ****   /* USER CODE END Init */
  77:Core/Src/main.c **** 
  78:Core/Src/main.c ****   /* Configure the system clock */
  79:Core/Src/main.c ****   SystemClock_Config();
  80:Core/Src/main.c **** 
  81:Core/Src/main.c ****   /* USER CODE BEGIN SysInit */
  82:Core/Src/main.c **** 
  83:Core/Src/main.c ****   /* USER CODE END SysInit */
  84:Core/Src/main.c **** 
  85:Core/Src/main.c ****   /* Initialize all configured peripherals */
  86:Core/Src/main.c ****   /* USER CODE BEGIN 2 */
  87:Core/Src/main.c **** 
  88:Core/Src/main.c ****   /* USER CODE END 2 */
ARM GAS  C:\Users\ROG\AppData\Local\Temp\cc6RQZDb.s 			page 3


  89:Core/Src/main.c **** 
  90:Core/Src/main.c ****   /* Infinite loop */
  91:Core/Src/main.c ****   /* USER CODE BEGIN WHILE */
  92:Core/Src/main.c ****   while (1)
  93:Core/Src/main.c ****   {
  94:Core/Src/main.c ****     /* USER CODE END WHILE */
  95:Core/Src/main.c **** 
  96:Core/Src/main.c ****     /* USER CODE BEGIN 3 */
  97:Core/Src/main.c ****   }
  98:Core/Src/main.c ****   /* USER CODE END 3 */
  99:Core/Src/main.c **** }
 100:Core/Src/main.c **** 
 101:Core/Src/main.c **** /**
 102:Core/Src/main.c ****   * @brief System Clock Configuration
 103:Core/Src/main.c ****   * @retval None
 104:Core/Src/main.c ****   */
 105:Core/Src/main.c **** void SystemClock_Config(void)
 106:Core/Src/main.c **** {
  28              		.loc 1 106 0
  29              		.cfi_startproc
  30              		@ args = 0, pretend = 0, frame = 64
  31              		@ frame_needed = 0, uses_anonymous_args = 0
  32 0000 10B5     		push	{r4, lr}
  33              	.LCFI0:
  34              		.cfi_def_cfa_offset 8
  35              		.cfi_offset 4, -8
  36              		.cfi_offset 14, -4
  37 0002 90B0     		sub	sp, sp, #64
  38              	.LCFI1:
  39              		.cfi_def_cfa_offset 72
 107:Core/Src/main.c ****   RCC_OscInitTypeDef RCC_OscInitStruct = {0};
  40              		.loc 1 107 0
  41 0004 2822     		movs	r2, #40
  42 0006 0021     		movs	r1, #0
  43 0008 06A8     		add	r0, sp, #24
  44 000a FFF7FEFF 		bl	memset
  45              	.LVL0:
 108:Core/Src/main.c ****   RCC_ClkInitTypeDef RCC_ClkInitStruct = {0};
  46              		.loc 1 108 0
  47 000e 0024     		movs	r4, #0
  48 0010 0194     		str	r4, [sp, #4]
  49 0012 0294     		str	r4, [sp, #8]
  50 0014 0394     		str	r4, [sp, #12]
  51 0016 0494     		str	r4, [sp, #16]
  52 0018 0594     		str	r4, [sp, #20]
 109:Core/Src/main.c **** 
 110:Core/Src/main.c ****   /** Initializes the RCC Oscillators according to the specified parameters
 111:Core/Src/main.c ****   * in the RCC_OscInitTypeDef structure.
 112:Core/Src/main.c ****   */
 113:Core/Src/main.c ****   RCC_OscInitStruct.OscillatorType = RCC_OSCILLATORTYPE_HSI;
  53              		.loc 1 113 0
  54 001a 0223     		movs	r3, #2
  55 001c 0693     		str	r3, [sp, #24]
 114:Core/Src/main.c ****   RCC_OscInitStruct.HSIState = RCC_HSI_ON;
  56              		.loc 1 114 0
  57 001e 0123     		movs	r3, #1
  58 0020 0A93     		str	r3, [sp, #40]
ARM GAS  C:\Users\ROG\AppData\Local\Temp\cc6RQZDb.s 			page 4


 115:Core/Src/main.c ****   RCC_OscInitStruct.HSICalibrationValue = RCC_HSICALIBRATION_DEFAULT;
  59              		.loc 1 115 0
  60 0022 1023     		movs	r3, #16
  61 0024 0B93     		str	r3, [sp, #44]
 116:Core/Src/main.c ****   RCC_OscInitStruct.PLL.PLLState = RCC_PLL_NONE;
 117:Core/Src/main.c ****   if (HAL_RCC_OscConfig(&RCC_OscInitStruct) != HAL_OK)
  62              		.loc 1 117 0
  63 0026 06A8     		add	r0, sp, #24
  64 0028 FFF7FEFF 		bl	HAL_RCC_OscConfig
  65              	.LVL1:
 118:Core/Src/main.c ****   {
 119:Core/Src/main.c ****     Error_Handler();
 120:Core/Src/main.c ****   }
 121:Core/Src/main.c ****   /** Initializes the CPU, AHB and APB buses clocks
 122:Core/Src/main.c ****   */
 123:Core/Src/main.c ****   RCC_ClkInitStruct.ClockType = RCC_CLOCKTYPE_HCLK|RCC_CLOCKTYPE_SYSCLK
  66              		.loc 1 123 0
  67 002c 0F23     		movs	r3, #15
  68 002e 0193     		str	r3, [sp, #4]
 124:Core/Src/main.c ****                               |RCC_CLOCKTYPE_PCLK1|RCC_CLOCKTYPE_PCLK2;
 125:Core/Src/main.c ****   RCC_ClkInitStruct.SYSCLKSource = RCC_SYSCLKSOURCE_HSI;
  69              		.loc 1 125 0
  70 0030 0294     		str	r4, [sp, #8]
 126:Core/Src/main.c ****   RCC_ClkInitStruct.AHBCLKDivider = RCC_SYSCLK_DIV1;
  71              		.loc 1 126 0
  72 0032 0394     		str	r4, [sp, #12]
 127:Core/Src/main.c ****   RCC_ClkInitStruct.APB1CLKDivider = RCC_HCLK_DIV1;
  73              		.loc 1 127 0
  74 0034 0494     		str	r4, [sp, #16]
 128:Core/Src/main.c ****   RCC_ClkInitStruct.APB2CLKDivider = RCC_HCLK_DIV1;
  75              		.loc 1 128 0
  76 0036 0594     		str	r4, [sp, #20]
 129:Core/Src/main.c **** 
 130:Core/Src/main.c ****   if (HAL_RCC_ClockConfig(&RCC_ClkInitStruct, FLASH_LATENCY_0) != HAL_OK)
  77              		.loc 1 130 0
  78 0038 2146     		mov	r1, r4
  79 003a 01A8     		add	r0, sp, #4
  80 003c FFF7FEFF 		bl	HAL_RCC_ClockConfig
  81              	.LVL2:
 131:Core/Src/main.c ****   {
 132:Core/Src/main.c ****     Error_Handler();
 133:Core/Src/main.c ****   }
 134:Core/Src/main.c **** }
  82              		.loc 1 134 0
  83 0040 10B0     		add	sp, sp, #64
  84              	.LCFI2:
  85              		.cfi_def_cfa_offset 8
  86              		@ sp needed
  87 0042 10BD     		pop	{r4, pc}
  88              		.cfi_endproc
  89              	.LFE66:
  91              		.section	.text.main,"ax",%progbits
  92              		.align	2
  93              		.global	main
  94              		.thumb
  95              		.thumb_func
  97              	main:
ARM GAS  C:\Users\ROG\AppData\Local\Temp\cc6RQZDb.s 			page 5


  98              	.LFB65:
  64:Core/Src/main.c ****   /* USER CODE BEGIN 1 */
  99              		.loc 1 64 0
 100              		.cfi_startproc
 101              		@ Volatile: function does not return.
 102              		@ args = 0, pretend = 0, frame = 0
 103              		@ frame_needed = 0, uses_anonymous_args = 0
 104 0000 08B5     		push	{r3, lr}
 105              	.LCFI3:
 106              		.cfi_def_cfa_offset 8
 107              		.cfi_offset 3, -8
 108              		.cfi_offset 14, -4
  72:Core/Src/main.c **** 
 109              		.loc 1 72 0
 110 0002 FFF7FEFF 		bl	HAL_Init
 111              	.LVL3:
  79:Core/Src/main.c **** 
 112              		.loc 1 79 0
 113 0006 FFF7FEFF 		bl	SystemClock_Config
 114              	.LVL4:
 115              	.L4:
 116 000a FEE7     		b	.L4
 117              		.cfi_endproc
 118              	.LFE65:
 120              		.section	.text.Error_Handler,"ax",%progbits
 121              		.align	2
 122              		.global	Error_Handler
 123              		.thumb
 124              		.thumb_func
 126              	Error_Handler:
 127              	.LFB67:
 135:Core/Src/main.c **** 
 136:Core/Src/main.c **** /* USER CODE BEGIN 4 */
 137:Core/Src/main.c **** 
 138:Core/Src/main.c **** /* USER CODE END 4 */
 139:Core/Src/main.c **** 
 140:Core/Src/main.c **** /**
 141:Core/Src/main.c ****   * @brief  This function is executed in case of error occurrence.
 142:Core/Src/main.c ****   * @retval None
 143:Core/Src/main.c ****   */
 144:Core/Src/main.c **** void Error_Handler(void)
 145:Core/Src/main.c **** {
 128              		.loc 1 145 0
 129              		.cfi_startproc
 130              		@ args = 0, pretend = 0, frame = 0
 131              		@ frame_needed = 0, uses_anonymous_args = 0
 132              		@ link register save eliminated.
 133 0000 7047     		bx	lr
 134              		.cfi_endproc
 135              	.LFE67:
 137 0002 00BF     		.text
 138              	.Letext0:
 139              		.file 2 "c:\\program files (x86)\\gnu tools arm embedded\\5.4 2016q3\\arm-none-eabi\\include\\mach
 140              		.file 3 "c:\\program files (x86)\\gnu tools arm embedded\\5.4 2016q3\\arm-none-eabi\\include\\sys\
 141              		.file 4 "Drivers/STM32F1xx_HAL_Driver/Inc/stm32f1xx_hal_rcc.h"
 142              		.file 5 "Drivers/STM32F1xx_HAL_Driver/Inc/stm32f1xx_hal_rcc_ex.h"
 143              		.file 6 "Drivers/STM32F1xx_HAL_Driver/Inc/stm32f1xx_hal.h"
ARM GAS  C:\Users\ROG\AppData\Local\Temp\cc6RQZDb.s 			page 6


 144              		.file 7 "Drivers/STM32F1xx_HAL_Driver/Inc/stm32f1xx_hal_def.h"
 145              		.file 8 "Drivers/CMSIS/Include/core_cm3.h"
ARM GAS  C:\Users\ROG\AppData\Local\Temp\cc6RQZDb.s 			page 7


DEFINED SYMBOLS
                            *ABS*:00000000 main.c
C:\Users\ROG\AppData\Local\Temp\cc6RQZDb.s:20     .text.SystemClock_Config:00000000 $t
C:\Users\ROG\AppData\Local\Temp\cc6RQZDb.s:25     .text.SystemClock_Config:00000000 SystemClock_Config
C:\Users\ROG\AppData\Local\Temp\cc6RQZDb.s:92     .text.main:00000000 $t
C:\Users\ROG\AppData\Local\Temp\cc6RQZDb.s:97     .text.main:00000000 main
C:\Users\ROG\AppData\Local\Temp\cc6RQZDb.s:121    .text.Error_Handler:00000000 $t
C:\Users\ROG\AppData\Local\Temp\cc6RQZDb.s:126    .text.Error_Handler:00000000 Error_Handler
                     .debug_frame:00000010 $d

UNDEFINED SYMBOLS
memset
HAL_RCC_OscConfig
HAL_RCC_ClockConfig
HAL_Init
